<?xml version="1.0" encoding="UTF-8"?>
<!-- Generated by org.testng.reporters.JUnitReportReporter -->
<testsuite skipped="0" hostname="Preethas-MacBook-Pro.local" name="test_cases.Test_SearchSystemUsers" tests="1" failures="0" timestamp="2020-06-02T15:34:28 BST" time="1.826" errors="0">
  <testcase name="TestUserRole" time="1.826" classname="test_cases.Test_SearchSystemUsers"/>
  <system-out/>
</testsuite> <!-- test_cases.Test_SearchSystemUsers -->
